<?xml version="1.0" encoding="UTF-8"?>
<!DOCTYPE mapper
        PUBLIC "-//mybatis.org//DTD Mapper 3.0//EN"
         "http://mybatis.org/dtd/mybatis-3-mapper.dtd">

 <mapper namespace="test" >
  	<insert id="save">
		insert into chktest values(chktest_seq.nextval, #{genre}, sysdate)
	</insert>
	<update id="edit">
		update board set count = count +1 where num =#{num }
	</update>
	<delete id="delete">
		delete from board where num =#{num}
	</delete>
	
  </mapper>